<?xml version="1.0" encoding="UTF-8"?>
<!-- Generated by org.testng.reporters.JUnitReportReporter -->
<testsuite hostname="LAPTOP-8PQKFV8G" failures="0" tests="1" name="Framework.Practice.APIDemoTEst" time="26.052" errors="0" timestamp="2022-03-17T15:39:33 CDT" skipped="0">
  <testcase classname="Framework.Practice.APIDemoTEst" name="APIDemo" time="26.052"/>
  <system-out/>
</testsuite> <!-- Framework.Practice.APIDemoTEst -->
